<?xml version="1.0" encoding="UTF-8"?>
<testsuite xmlns:xsi="http://www.w3.org/2001/XMLSchema-instance" xsi:noNamespaceSchemaLocation="https://maven.apache.org/surefire/maven-surefire-plugin/xsd/surefire-test-report-3.0.xsd" version="3.0" name="runner.TestRunner" time="67.318" tests="1" errors="0" skipped="0" failures="0">
  <properties>
[...]
</properties>
  <testcase name="Search and filter PlayStation 5 products" classname="Product search in Mercado Libre" time="66.584">
    <system-out><![CDATA[
@MercadoLibre
Scenario: Search and filter PlayStation 5 products          &amp#27;[90m# src/test/resources/features/mercadolibre.feature:12&amp#27;[0m
  &amp#27;[32mGiven &amp#27;[0m&amp#27;[32mThe user navigates to Mercado Libre&amp#27;[0m                 &amp#27;[90m# steps.MercadoLibreSteps.the_user_navigates_to_mercado_libre()&amp#27;[0m
  &amp#27;[32mAnd &amp#27;[0m&amp#27;[32mThe user selects Mexico country&amp#27;[0m                       &amp#27;[90m# steps.MercadoLibreSteps.the_user_selects_mexico_country()&amp#27;[0m
  &amp#27;[32mWhen &amp#27;[0m&amp#27;[32mThe user searches for &amp#27;[0m&amp#27;[32m&amp#27;[1m"playstation 5"&amp#27;[0m                &amp#27;[90m# steps.MercadoLibreSteps.the_user_searches_for(java.lang.String)&amp#27;[0m
  &amp#27;[32mAnd &amp#27;[0m&amp#27;[32mThe user filters by condition &amp#27;[0m&amp#27;[32m&amp#27;[1m"Nuevo"&amp#27;[0m                 &amp#27;[90m# steps.MercadoLibreSteps.the_user_filters_by_condition(java.lang.String)&amp#27;[0m

=== Extrayendo productos ===
1. Consola Sony PlayStation 5 Slim Digital 1TB SSD 4K 825GB libres Blanco → $13,499
2. Ps5 Digital 825 Gb Astro Bot Gran Turismo 7 Blanco Blanco → $11,599
3. Consola Ps5 1 Tb: Astro Bot Y Gran Turismo 7 Blanco → $13,999
4. Sony Playstation 5 Slim Edicion Digital 1tb Color Blanco → $$
9,899
5. Consola Playstation 5 Sony Slim Standard 1tb → $11,819
=== FIN UI ===

=== VALIDANDO UI vs API ===
Status API: 403
⚠ API bloqueada o falló, saltando validación...
  &amp#27;[32mThen &amp#27;[0m&amp#27;[32mThe user prints the first &amp#27;[0m&amp#27;[32m&amp#27;[1m5&amp#27;[0m&amp#27;[32m product names and prices&amp#27;[0m &amp#27;[90m# steps.MercadoLibreSteps.the_user_prints_the_first_product_names_and_prices(int)&amp#27;[0m
🔄 Intentando ordenar por Menor precio...
✓ Ordenamiento aplicado

    Embedding After Sort Screenshot [image/png 59700 bytes]

📸 Screenshot agregado al reporte
  &amp#27;[32mAnd &amp#27;[0m&amp#27;[32mThe user sorts results by lowest price&amp#27;[0m                &amp#27;[90m# steps.MercadoLibreSteps.the_user_sorts_results_by_lowest_price()&amp#27;[0m
]]></system-out>
  </testcase>
</testsuite>